2014-12-02 17:51:54.706 Workshop[16524:819039] DiskCookieStorage changing policy from 2 to 0, cookie file: file:///Users/lucasgonze/Library/Developer/CoreSimulator/Devices/D107B44C-BE1E-4589-BCA2-C4934B696C00/data/Containers/Data/Application/EC95B167-2AA9-4B0B-81AD-A749F01E8147/Library/Cookies/Cookies.binarycookies
2014-12-02 17:51:54.822 Workshop[16524:819039] Apache Cordova native platform version 3.6.3 is starting.
2014-12-02 17:51:54.822 Workshop[16524:819039] Multi-tasking -> Device: YES, App: YES
2014-12-02 17:51:54.830 Workshop[16524:819039] Unlimited access to network resources
2014-12-02 17:51:54.833 Workshop[16524:819039] 

Started backup to iCloud! Please be careful.
Your application might be rejected by Apple if you store too much data.
For more information please read "iOS Data Storage Guidelines" at:
https://developer.apple.com/icloud/documentation/data-storage/

2014-12-02 17:51:55.324 Workshop[16524:819039] Resetting plugins due to page load.
2014-12-02 17:51:55.462 Workshop[16524:819039] Finished load of: file:///Users/lucasgonze/Library/Developer/CoreSimulator/Devices/D107B44C-BE1E-4589-BCA2-C4934B696C00/data/Containers/Bundle/Application/A9151444-B069-4D12-A827-02BE56F7ED5F/Workshop.app/www/index.html
2014-12-02 18:06:09.252 Workshop[16835:831699] DiskCookieStorage changing policy from 2 to 0, cookie file: file:///Users/lucasgonze/Library/Developer/CoreSimulator/Devices/D107B44C-BE1E-4589-BCA2-C4934B696C00/data/Containers/Data/Application/3BFCE64F-4C56-4EC6-A138-5FE10131A545/Library/Cookies/Cookies.binarycookies
2014-12-02 18:06:09.386 Workshop[16835:831699] Apache Cordova native platform version 3.6.3 is starting.
2014-12-02 18:06:09.387 Workshop[16835:831699] Multi-tasking -> Device: YES, App: YES
2014-12-02 18:06:09.394 Workshop[16835:831699] Unlimited access to network resources
2014-12-02 18:06:09.399 Workshop[16835:831699] 

Started backup to iCloud! Please be careful.
Your application might be rejected by Apple if you store too much data.
For more information please read "iOS Data Storage Guidelines" at:
https://developer.apple.com/icloud/documentation/data-storage/

2014-12-02 18:06:09.910 Workshop[16835:831699] Resetting plugins due to page load.
2014-12-02 18:06:10.017 Workshop[16835:831699] Finished load of: file:///Users/lucasgonze/Library/Developer/CoreSimulator/Devices/D107B44C-BE1E-4589-BCA2-C4934B696C00/data/Containers/Bundle/Application/B7AFFC2F-F013-4002-93F7-304A6EC5A01E/Workshop.app/www/index.html
2014-12-02 18:06:11.910 Workshop[16835:831699] THREAD WARNING: ['Notification'] took '112.640869' ms. Plugin should use a background thread.
2014-12-02 18:11:32.050 Workshop[16835:831699] THREAD WARNING: ['Notification'] took '17.866943' ms. Plugin should use a background thread.
2014-12-02 18:11:38.362 Workshop[17157:839059] DiskCookieStorage changing policy from 2 to 0, cookie file: file:///Users/lucasgonze/Library/Developer/CoreSimulator/Devices/D107B44C-BE1E-4589-BCA2-C4934B696C00/data/Containers/Data/Application/18A78D5A-0CCA-4789-9614-0476C5BAE92A/Library/Cookies/Cookies.binarycookies
2014-12-02 18:11:38.474 Workshop[17157:839059] Apache Cordova native platform version 3.6.3 is starting.
2014-12-02 18:11:38.475 Workshop[17157:839059] Multi-tasking -> Device: YES, App: YES
2014-12-02 18:11:38.483 Workshop[17157:839059] Unlimited access to network resources
2014-12-02 18:11:38.486 Workshop[17157:839059] 

Started backup to iCloud! Please be careful.
Your application might be rejected by Apple if you store too much data.
For more information please read "iOS Data Storage Guidelines" at:
https://developer.apple.com/icloud/documentation/data-storage/

2014-12-02 18:11:39.055 Workshop[17157:839059] Resetting plugins due to page load.
2014-12-02 18:11:39.164 Workshop[17157:839059] Finished load of: file:///Users/lucasgonze/Library/Developer/CoreSimulator/Devices/D107B44C-BE1E-4589-BCA2-C4934B696C00/data/Containers/Bundle/Application/AF716FF4-A3AD-4544-A782-70F4607B7C08/Workshop.app/www/index.html
2014-12-02 18:11:41.191 Workshop[17157:839059] THREAD WARNING: ['Notification'] took '47.150879' ms. Plugin should use a background thread.
2014-12-02 18:14:19.029 Workshop[17450:842890] DiskCookieStorage changing policy from 2 to 0, cookie file: file:///Users/lucasgonze/Library/Developer/CoreSimulator/Devices/D107B44C-BE1E-4589-BCA2-C4934B696C00/data/Containers/Data/Application/EBAC57A3-1A7E-48E4-B161-00428C40A706/Library/Cookies/Cookies.binarycookies
2014-12-02 18:14:19.159 Workshop[17450:842890] Apache Cordova native platform version 3.6.3 is starting.
2014-12-02 18:14:19.160 Workshop[17450:842890] Multi-tasking -> Device: YES, App: YES
2014-12-02 18:14:19.170 Workshop[17450:842890] Unlimited access to network resources
2014-12-02 18:14:19.175 Workshop[17450:842890] 

Started backup to iCloud! Please be careful.
Your application might be rejected by Apple if you store too much data.
For more information please read "iOS Data Storage Guidelines" at:
https://developer.apple.com/icloud/documentation/data-storage/

2014-12-02 18:14:19.697 Workshop[17450:842890] Resetting plugins due to page load.
2014-12-02 18:14:19.851 Workshop[17450:842890] Finished load of: file:///Users/lucasgonze/Library/Developer/CoreSimulator/Devices/D107B44C-BE1E-4589-BCA2-C4934B696C00/data/Containers/Bundle/Application/B3553998-707B-4100-9F32-FE9F62D14B1D/Workshop.app/www/index.html
2014-12-02 18:14:37.641 Workshop[17729:843746] DiskCookieStorage changing policy from 2 to 0, cookie file: file:///Users/lucasgonze/Library/Developer/CoreSimulator/Devices/D107B44C-BE1E-4589-BCA2-C4934B696C00/data/Containers/Data/Application/7495A258-112C-4176-AF4C-1A30EDC83FD5/Library/Cookies/Cookies.binarycookies
2014-12-02 18:14:37.745 Workshop[17729:843746] Apache Cordova native platform version 3.6.3 is starting.
2014-12-02 18:14:37.745 Workshop[17729:843746] Multi-tasking -> Device: YES, App: YES
2014-12-02 18:14:37.752 Workshop[17729:843746] Unlimited access to network resources
2014-12-02 18:14:37.755 Workshop[17729:843746] 

Started backup to iCloud! Please be careful.
Your application might be rejected by Apple if you store too much data.
For more information please read "iOS Data Storage Guidelines" at:
https://developer.apple.com/icloud/documentation/data-storage/

2014-12-02 18:14:38.157 Workshop[17729:843746] Resetting plugins due to page load.
2014-12-02 18:14:38.252 Workshop[17729:843746] Finished load of: file:///Users/lucasgonze/Library/Developer/CoreSimulator/Devices/D107B44C-BE1E-4589-BCA2-C4934B696C00/data/Containers/Bundle/Application/FD03EBD2-9218-4FBD-AFAB-241958583F47/Workshop.app/www/index.html
2014-12-02 18:15:00.225 Workshop[18008:844716] DiskCookieStorage changing policy from 2 to 0, cookie file: file:///Users/lucasgonze/Library/Developer/CoreSimulator/Devices/D107B44C-BE1E-4589-BCA2-C4934B696C00/data/Containers/Data/Application/26E40031-2F61-4EC7-BDC9-4AB1805285D2/Library/Cookies/Cookies.binarycookies
2014-12-02 18:15:00.356 Workshop[18008:844716] Apache Cordova native platform version 3.6.3 is starting.
2014-12-02 18:15:00.357 Workshop[18008:844716] Multi-tasking -> Device: YES, App: YES
2014-12-02 18:15:00.367 Workshop[18008:844716] Unlimited access to network resources
2014-12-02 18:15:00.372 Workshop[18008:844716] 

Started backup to iCloud! Please be careful.
Your application might be rejected by Apple if you store too much data.
For more information please read "iOS Data Storage Guidelines" at:
https://developer.apple.com/icloud/documentation/data-storage/

2014-12-02 18:15:00.753 Workshop[18008:844716] Resetting plugins due to page load.
2014-12-02 18:15:00.847 Workshop[18008:844716] Finished load of: file:///Users/lucasgonze/Library/Developer/CoreSimulator/Devices/D107B44C-BE1E-4589-BCA2-C4934B696C00/data/Containers/Bundle/Application/A3C89F40-09AE-49D9-A905-622854478D8F/Workshop.app/www/index.html
2014-12-02 18:18:38.226 Workshop[18291:849451] DiskCookieStorage changing policy from 2 to 0, cookie file: file:///Users/lucasgonze/Library/Developer/CoreSimulator/Devices/D107B44C-BE1E-4589-BCA2-C4934B696C00/data/Containers/Data/Application/1098CBBF-993C-4488-9C56-D38B62A4A40D/Library/Cookies/Cookies.binarycookies
2014-12-02 18:18:38.328 Workshop[18291:849451] Apache Cordova native platform version 3.6.3 is starting.
2014-12-02 18:18:38.328 Workshop[18291:849451] Multi-tasking -> Device: YES, App: YES
2014-12-02 18:18:38.335 Workshop[18291:849451] Unlimited access to network resources
2014-12-02 18:18:38.338 Workshop[18291:849451] 

Started backup to iCloud! Please be careful.
Your application might be rejected by Apple if you store too much data.
For more information please read "iOS Data Storage Guidelines" at:
https://developer.apple.com/icloud/documentation/data-storage/

2014-12-02 18:18:38.823 Workshop[18291:849451] Resetting plugins due to page load.
2014-12-02 18:18:39.024 Workshop[18291:849451] Finished load of: file:///Users/lucasgonze/Library/Developer/CoreSimulator/Devices/D107B44C-BE1E-4589-BCA2-C4934B696C00/data/Containers/Bundle/Application/D2F3CB29-3C74-42CE-9695-3E0475EC50FC/Workshop.app/www/index.html
2014-12-02 18:20:38.007 Workshop[18589:852394] DiskCookieStorage changing policy from 2 to 0, cookie file: file:///Users/lucasgonze/Library/Developer/CoreSimulator/Devices/D107B44C-BE1E-4589-BCA2-C4934B696C00/data/Containers/Data/Application/A80AD4A9-B165-480F-B0DE-A39E696697C5/Library/Cookies/Cookies.binarycookies
2014-12-02 18:20:38.120 Workshop[18589:852394] Apache Cordova native platform version 3.6.3 is starting.
2014-12-02 18:20:38.121 Workshop[18589:852394] Multi-tasking -> Device: YES, App: YES
2014-12-02 18:20:38.128 Workshop[18589:852394] Unlimited access to network resources
2014-12-02 18:20:38.131 Workshop[18589:852394] 

Started backup to iCloud! Please be careful.
Your application might be rejected by Apple if you store too much data.
For more information please read "iOS Data Storage Guidelines" at:
https://developer.apple.com/icloud/documentation/data-storage/

2014-12-02 18:20:38.472 Workshop[18589:852394] [CDVTimer][statusbar] 78.853965ms
2014-12-02 18:20:38.473 Workshop[18589:852394] [CDVTimer][TotalPluginStartup] 79.074979ms
2014-12-02 18:20:38.672 Workshop[18589:852394] Resetting plugins due to page load.
2014-12-02 18:20:38.796 Workshop[18589:852394] Finished load of: file:///Users/lucasgonze/Library/Developer/CoreSimulator/Devices/D107B44C-BE1E-4589-BCA2-C4934B696C00/data/Containers/Bundle/Application/FF39B421-891E-4F70-86FB-96F28FE2B6CA/Workshop.app/www/index.html
2014-12-02 18:44:04.638 Workshop[19083:880753] DiskCookieStorage changing policy from 2 to 0, cookie file: file:///Users/lucasgonze/Library/Developer/CoreSimulator/Devices/D107B44C-BE1E-4589-BCA2-C4934B696C00/data/Containers/Data/Application/977AB68F-E768-433A-8C80-79B5104447E8/Library/Cookies/Cookies.binarycookies
2014-12-02 18:44:04.755 Workshop[19083:880753] Apache Cordova native platform version 3.6.3 is starting.
2014-12-02 18:44:04.756 Workshop[19083:880753] Multi-tasking -> Device: YES, App: YES
2014-12-02 18:44:04.763 Workshop[19083:880753] Unlimited access to network resources
2014-12-02 18:44:04.767 Workshop[19083:880753] 

Started backup to iCloud! Please be careful.
Your application might be rejected by Apple if you store too much data.
For more information please read "iOS Data Storage Guidelines" at:
https://developer.apple.com/icloud/documentation/data-storage/

2014-12-02 18:44:05.144 Workshop[19083:880753] [CDVTimer][statusbar] 81.663966ms
2014-12-02 18:44:05.145 Workshop[19083:880753] [CDVTimer][TotalPluginStartup] 81.911981ms
2014-12-02 18:44:05.329 Workshop[19083:880753] Resetting plugins due to page load.
2014-12-02 18:44:05.492 Workshop[19083:880753] Finished load of: file:///Users/lucasgonze/Library/Developer/CoreSimulator/Devices/D107B44C-BE1E-4589-BCA2-C4934B696C00/data/Containers/Bundle/Application/D90CFB4D-9D8C-4D56-9A00-5834131623A3/Workshop.app/www/index.html
2014-12-02 18:51:47.217 Workshop[19403:890312] DiskCookieStorage changing policy from 2 to 0, cookie file: file:///Users/lucasgonze/Library/Developer/CoreSimulator/Devices/D107B44C-BE1E-4589-BCA2-C4934B696C00/data/Containers/Data/Application/334242CF-1DF3-4929-8E94-486D243F2BCF/Library/Cookies/Cookies.binarycookies
2014-12-02 18:51:47.331 Workshop[19403:890312] Apache Cordova native platform version 3.6.3 is starting.
2014-12-02 18:51:47.332 Workshop[19403:890312] Multi-tasking -> Device: YES, App: YES
2014-12-02 18:51:47.339 Workshop[19403:890312] Unlimited access to network resources
2014-12-02 18:51:47.342 Workshop[19403:890312] 

Started backup to iCloud! Please be careful.
Your application might be rejected by Apple if you store too much data.
For more information please read "iOS Data Storage Guidelines" at:
https://developer.apple.com/icloud/documentation/data-storage/

2014-12-02 18:51:47.683 Workshop[19403:890312] [CDVTimer][statusbar] 76.936960ms
2014-12-02 18:51:47.683 Workshop[19403:890312] [CDVTimer][TotalPluginStartup] 77.161968ms
2014-12-02 18:51:47.868 Workshop[19403:890312] Resetting plugins due to page load.
2014-12-02 18:51:48.003 Workshop[19403:890312] Finished load of: file:///Users/lucasgonze/Library/Developer/CoreSimulator/Devices/D107B44C-BE1E-4589-BCA2-C4934B696C00/data/Containers/Bundle/Application/67B18592-9B8E-468F-AC57-74BBD537A4F6/Workshop.app/www/index.html
2014-12-02 18:51:55.022 Workshop[19403:890312] Failed to load webpage with error: The URL can’t be shown
2014-12-02 18:51:57.425 Workshop[19403:890312] Failed to load webpage with error: The URL can’t be shown
2014-12-02 19:05:20.556 Workshop[19718:905347] DiskCookieStorage changing policy from 2 to 0, cookie file: file:///Users/lucasgonze/Library/Developer/CoreSimulator/Devices/D107B44C-BE1E-4589-BCA2-C4934B696C00/data/Containers/Data/Application/91223EC2-C688-4A77-B070-FE55B221C15A/Library/Cookies/Cookies.binarycookies
2014-12-02 19:05:20.716 Workshop[19718:905347] Apache Cordova native platform version 3.6.3 is starting.
2014-12-02 19:05:20.716 Workshop[19718:905347] Multi-tasking -> Device: YES, App: YES
2014-12-02 19:05:20.748 Workshop[19718:905347] Unlimited access to network resources
2014-12-02 19:05:20.753 Workshop[19718:905347] 

Started backup to iCloud! Please be careful.
Your application might be rejected by Apple if you store too much data.
For more information please read "iOS Data Storage Guidelines" at:
https://developer.apple.com/icloud/documentation/data-storage/

2014-12-02 19:05:21.662 Workshop[19718:905347] [CDVTimer][statusbar] 407.859981ms
2014-12-02 19:05:21.662 Workshop[19718:905347] [CDVTimer][TotalPluginStartup] 408.086002ms
2014-12-02 19:05:21.912 Workshop[19718:905347] Resetting plugins due to page load.
2014-12-02 19:05:22.221 Workshop[19718:905347] Finished load of: file:///Users/lucasgonze/Library/Developer/CoreSimulator/Devices/D107B44C-BE1E-4589-BCA2-C4934B696C00/data/Containers/Bundle/Application/58C0765C-1FBB-4665-B809-CAC42DD192B4/Workshop.app/www/index.html
2014-12-02 19:06:29.280 Workshop[20010:907180] DiskCookieStorage changing policy from 2 to 0, cookie file: file:///Users/lucasgonze/Library/Developer/CoreSimulator/Devices/D107B44C-BE1E-4589-BCA2-C4934B696C00/data/Containers/Data/Application/8D826F77-75DB-44B7-A233-A8796BA79E26/Library/Cookies/Cookies.binarycookies
2014-12-02 19:06:29.405 Workshop[20010:907180] Apache Cordova native platform version 3.6.3 is starting.
2014-12-02 19:06:29.406 Workshop[20010:907180] Multi-tasking -> Device: YES, App: YES
2014-12-02 19:06:29.414 Workshop[20010:907180] Unlimited access to network resources
2014-12-02 19:06:29.418 Workshop[20010:907180] 

Started backup to iCloud! Please be careful.
Your application might be rejected by Apple if you store too much data.
For more information please read "iOS Data Storage Guidelines" at:
https://developer.apple.com/icloud/documentation/data-storage/

2014-12-02 19:06:29.766 Workshop[20010:907180] [CDVTimer][statusbar] 59.036970ms
2014-12-02 19:06:29.766 Workshop[20010:907180] [CDVTimer][TotalPluginStartup] 59.249043ms
2014-12-02 19:06:29.958 Workshop[20010:907180] Resetting plugins due to page load.
2014-12-02 19:06:30.100 Workshop[20010:907180] Finished load of: file:///Users/lucasgonze/Library/Developer/CoreSimulator/Devices/D107B44C-BE1E-4589-BCA2-C4934B696C00/data/Containers/Bundle/Application/D4AD3408-A790-4BD9-A6C5-A5292F0A0646/Workshop.app/www/index.html
2014-12-02 19:07:41.453 Workshop[20302:908758] DiskCookieStorage changing policy from 2 to 0, cookie file: file:///Users/lucasgonze/Library/Developer/CoreSimulator/Devices/D107B44C-BE1E-4589-BCA2-C4934B696C00/data/Containers/Data/Application/F1010579-62EE-4F0D-93A5-F6D18FBC2EBE/Library/Cookies/Cookies.binarycookies
2014-12-02 19:07:41.609 Workshop[20302:908758] Apache Cordova native platform version 3.6.3 is starting.
2014-12-02 19:07:41.610 Workshop[20302:908758] Multi-tasking -> Device: YES, App: YES
2014-12-02 19:07:41.619 Workshop[20302:908758] Unlimited access to network resources
2014-12-02 19:07:41.622 Workshop[20302:908758] 

Started backup to iCloud! Please be careful.
Your application might be rejected by Apple if you store too much data.
For more information please read "iOS Data Storage Guidelines" at:
https://developer.apple.com/icloud/documentation/data-storage/

2014-12-02 19:07:41.939 Workshop[20302:908758] [CDVTimer][statusbar] 26.054025ms
2014-12-02 19:07:41.939 Workshop[20302:908758] [CDVTimer][TotalPluginStartup] 26.284993ms
2014-12-02 19:07:42.069 Workshop[20302:908758] Resetting plugins due to page load.
2014-12-02 19:07:42.227 Workshop[20302:908758] Finished load of: file:///Users/lucasgonze/Library/Developer/CoreSimulator/Devices/D107B44C-BE1E-4589-BCA2-C4934B696C00/data/Containers/Bundle/Application/0FF3321F-3C53-4ECA-9A31-AA874AE52F37/Workshop.app/www/index.html
2014-12-02 19:09:36.928 Workshop[20611:911731] DiskCookieStorage changing policy from 2 to 0, cookie file: file:///Users/lucasgonze/Library/Developer/CoreSimulator/Devices/D107B44C-BE1E-4589-BCA2-C4934B696C00/data/Containers/Data/Application/703738E9-A415-477B-A3BB-60F03386AB13/Library/Cookies/Cookies.binarycookies
2014-12-02 19:09:37.062 Workshop[20611:911731] Apache Cordova native platform version 3.6.3 is starting.
2014-12-02 19:09:37.063 Workshop[20611:911731] Multi-tasking -> Device: YES, App: YES
2014-12-02 19:09:37.072 Workshop[20611:911731] Unlimited access to network resources
2014-12-02 19:09:37.075 Workshop[20611:911731] 

Started backup to iCloud! Please be careful.
Your application might be rejected by Apple if you store too much data.
For more information please read "iOS Data Storage Guidelines" at:
https://developer.apple.com/icloud/documentation/data-storage/

2014-12-02 19:09:37.410 Workshop[20611:911731] [CDVTimer][statusbar] 52.352011ms
2014-12-02 19:09:37.411 Workshop[20611:911731] [CDVTimer][TotalPluginStartup] 52.583992ms
2014-12-02 19:09:37.544 Workshop[20611:911731] Resetting plugins due to page load.
2014-12-02 19:09:37.683 Workshop[20611:911731] Finished load of: file:///Users/lucasgonze/Library/Developer/CoreSimulator/Devices/D107B44C-BE1E-4589-BCA2-C4934B696C00/data/Containers/Bundle/Application/BBD9FEC8-3688-4B54-930B-5D86C091079F/Workshop.app/www/index.html
2014-12-02 19:21:18.399 Workshop[20960:917086] DiskCookieStorage changing policy from 2 to 0, cookie file: file:///Users/lucasgonze/Library/Developer/CoreSimulator/Devices/D107B44C-BE1E-4589-BCA2-C4934B696C00/data/Containers/Data/Application/B04780DD-E0DA-40CA-8FD4-0E825FB4FE9D/Library/Cookies/Cookies.binarycookies
2014-12-02 19:21:18.715 Workshop[20960:917086] Apache Cordova native platform version 3.6.3 is starting.
2014-12-02 19:21:18.716 Workshop[20960:917086] Multi-tasking -> Device: YES, App: YES
2014-12-02 19:21:18.724 Workshop[20960:917086] Unlimited access to network resources
2014-12-02 19:21:18.727 Workshop[20960:917086] 

Started backup to iCloud! Please be careful.
Your application might be rejected by Apple if you store too much data.
For more information please read "iOS Data Storage Guidelines" at:
https://developer.apple.com/icloud/documentation/data-storage/

2014-12-02 19:21:19.065 Workshop[20960:917086] [CDVTimer][statusbar] 76.623023ms
2014-12-02 19:21:19.066 Workshop[20960:917086] [CDVTimer][TotalPluginStartup] 76.853991ms
2014-12-02 19:21:19.256 Workshop[20960:917086] Resetting plugins due to page load.
2014-12-02 19:21:19.404 Workshop[20960:917086] Finished load of: file:///Users/lucasgonze/Library/Developer/CoreSimulator/Devices/D107B44C-BE1E-4589-BCA2-C4934B696C00/data/Containers/Bundle/Application/1F23E12B-1D63-48D4-8CB5-C6496A62D3DD/Workshop.app/www/index.html
2014-12-02 19:21:44.864 Workshop[21264:917812] DiskCookieStorage changing policy from 2 to 0, cookie file: file:///Users/lucasgonze/Library/Developer/CoreSimulator/Devices/D107B44C-BE1E-4589-BCA2-C4934B696C00/data/Containers/Data/Application/11FE466F-744C-4A03-B257-E55712B78017/Library/Cookies/Cookies.binarycookies
2014-12-02 19:21:44.975 Workshop[21264:917812] Apache Cordova native platform version 3.6.3 is starting.
2014-12-02 19:21:44.976 Workshop[21264:917812] Multi-tasking -> Device: YES, App: YES
2014-12-02 19:21:44.984 Workshop[21264:917812] Unlimited access to network resources
2014-12-02 19:21:44.988 Workshop[21264:917812] 

Started backup to iCloud! Please be careful.
Your application might be rejected by Apple if you store too much data.
For more information please read "iOS Data Storage Guidelines" at:
https://developer.apple.com/icloud/documentation/data-storage/

2014-12-02 19:21:45.378 Workshop[21264:917812] [CDVTimer][statusbar] 67.697048ms
2014-12-02 19:21:45.379 Workshop[21264:917812] [CDVTimer][TotalPluginStartup] 67.901015ms
2014-12-02 19:21:45.501 Workshop[21264:917812] Resetting plugins due to page load.
2014-12-02 19:21:45.629 Workshop[21264:917812] Finished load of: file:///Users/lucasgonze/Library/Developer/CoreSimulator/Devices/D107B44C-BE1E-4589-BCA2-C4934B696C00/data/Containers/Bundle/Application/6A6A43C4-A33E-412F-B356-5497D4564A16/Workshop.app/www/index.html
2014-12-02 19:22:38.842 Workshop[21264:917812] THREAD WARNING: ['Geolocation'] took '60.543945' ms. Plugin should use a background thread.
2014-12-02 19:22:42.786 Workshop[21264:917812] locationManager::didFailWithError (null)
2014-12-02 19:22:42.858 Workshop[21264:917812] THREAD WARNING: ['Notification'] took '56.702881' ms. Plugin should use a background thread.
2014-12-02 19:25:11.380 Workshop[21264:917812] locationManager::didFailWithError (null)
2014-12-02 19:25:11.462 Workshop[21264:917812] THREAD WARNING: ['Notification'] took '16.833008' ms. Plugin should use a background thread.
2014-12-02 19:27:24.501 Workshop[21264:919113] Terminating since there is no system app.
2014-12-02 19:27:44.567 Workshop[21615:920060] DiskCookieStorage changing policy from 2 to 0, cookie file: file:///Users/lucasgonze/Library/Developer/CoreSimulator/Devices/D107B44C-BE1E-4589-BCA2-C4934B696C00/data/Containers/Data/Application/994FC784-F766-4816-B171-F51E04734F98/Library/Cookies/Cookies.binarycookies
2014-12-02 19:27:44.671 Workshop[21615:920060] Apache Cordova native platform version 3.6.3 is starting.
2014-12-02 19:27:44.671 Workshop[21615:920060] Multi-tasking -> Device: YES, App: YES
2014-12-02 19:27:44.679 Workshop[21615:920060] Unlimited access to network resources
2014-12-02 19:27:44.682 Workshop[21615:920060] 

Started backup to iCloud! Please be careful.
Your application might be rejected by Apple if you store too much data.
For more information please read "iOS Data Storage Guidelines" at:
https://developer.apple.com/icloud/documentation/data-storage/

2014-12-02 19:27:45.004 Workshop[21615:920060] [CDVTimer][statusbar] 38.448036ms
2014-12-02 19:27:45.004 Workshop[21615:920060] [CDVTimer][TotalPluginStartup] 38.693011ms
2014-12-02 19:27:45.104 Workshop[21615:920060] Resetting plugins due to page load.
2014-12-02 19:27:45.257 Workshop[21615:920060] Finished load of: file:///Users/lucasgonze/Library/Developer/CoreSimulator/Devices/D107B44C-BE1E-4589-BCA2-C4934B696C00/data/Containers/Bundle/Application/73A0CD89-1414-4A63-B5D8-A9183DEFD2F6/Workshop.app/www/index.html
2014-12-02 19:27:57.639 Workshop[21615:920060] locationManager::didFailWithError (null)
2014-12-02 19:27:57.676 Workshop[21615:920060] THREAD WARNING: ['Notification'] took '31.994873' ms. Plugin should use a background thread.
2014-12-02 19:28:03.110 Workshop[21615:920060] locationManager::didFailWithError (null)
2014-12-02 19:28:03.158 Workshop[21615:920060] THREAD WARNING: ['Notification'] took '15.475098' ms. Plugin should use a background thread.
2014-12-02 19:36:40.920 Workshop[21992:923539] DiskCookieStorage changing policy from 2 to 0, cookie file: file:///Users/lucasgonze/Library/Developer/CoreSimulator/Devices/D107B44C-BE1E-4589-BCA2-C4934B696C00/data/Containers/Data/Application/293045A6-BF5F-49A5-8142-4A4BB1B3A5B2/Library/Cookies/Cookies.binarycookies
2014-12-02 19:36:41.087 Workshop[21992:923539] Apache Cordova native platform version 3.6.3 is starting.
2014-12-02 19:36:41.087 Workshop[21992:923539] Multi-tasking -> Device: YES, App: YES
2014-12-02 19:36:41.124 Workshop[21992:923539] Unlimited access to network resources
2014-12-02 19:36:41.130 Workshop[21992:923539] 

Started backup to iCloud! Please be careful.
Your application might be rejected by Apple if you store too much data.
For more information please read "iOS Data Storage Guidelines" at:
https://developer.apple.com/icloud/documentation/data-storage/

2014-12-02 19:36:41.743 Workshop[21992:923539] [CDVTimer][statusbar] 142.449021ms
2014-12-02 19:36:41.743 Workshop[21992:923539] [CDVTimer][TotalPluginStartup] 142.672956ms
2014-12-02 19:36:41.873 Workshop[21992:923539] Resetting plugins due to page load.
2014-12-02 19:36:42.172 Workshop[21992:923539] Finished load of: file:///Users/lucasgonze/Library/Developer/CoreSimulator/Devices/D107B44C-BE1E-4589-BCA2-C4934B696C00/data/Containers/Bundle/Application/96D77C1C-873D-4EA8-BDE2-E8AA08FE552D/Workshop.app/www/index.html
2014-12-02 19:37:21.387 Workshop[22327:924375] DiskCookieStorage changing policy from 2 to 0, cookie file: file:///Users/lucasgonze/Library/Developer/CoreSimulator/Devices/D107B44C-BE1E-4589-BCA2-C4934B696C00/data/Containers/Data/Application/645B9922-3673-4FF4-B16A-FA5B93F1D4DC/Library/Cookies/Cookies.binarycookies
2014-12-02 19:37:21.505 Workshop[22327:924375] Apache Cordova native platform version 3.6.3 is starting.
2014-12-02 19:37:21.505 Workshop[22327:924375] Multi-tasking -> Device: YES, App: YES
2014-12-02 19:37:21.511 Workshop[22327:924375] Unlimited access to network resources
2014-12-02 19:37:21.517 Workshop[22327:924375] 

Started backup to iCloud! Please be careful.
Your application might be rejected by Apple if you store too much data.
For more information please read "iOS Data Storage Guidelines" at:
https://developer.apple.com/icloud/documentation/data-storage/

2014-12-02 19:37:21.853 Workshop[22327:924375] [CDVTimer][statusbar] 33.508956ms
2014-12-02 19:37:21.854 Workshop[22327:924375] [CDVTimer][TotalPluginStartup] 33.754945ms
2014-12-02 19:37:21.978 Workshop[22327:924375] Resetting plugins due to page load.
2014-12-02 19:37:22.149 Workshop[22327:924375] Finished load of: file:///Users/lucasgonze/Library/Developer/CoreSimulator/Devices/D107B44C-BE1E-4589-BCA2-C4934B696C00/data/Containers/Bundle/Application/42BD93F0-58BA-40DE-822C-789D80697312/Workshop.app/www/index.html
2014-12-02 19:37:43.658 Workshop[22327:924375] addToContacts
